<?xml version="1.0" encoding="UTF-8"?>
<testsuite name="edu.postech.csed332.homework5.ProjectStructureTest" tests="2" skipped="0" failures="0" errors="0" timestamp="2019-11-08T15:18:37" hostname="Yuxuans-MacBook-Pro.local" time="4.915">
  <properties/>
  <testcase name="testProjectStructureTreeRoot" classname="edu.postech.csed332.homework5.ProjectStructureTest" time="4.887"/>
  <testcase name="testProjectTreeModelRoot" classname="edu.postech.csed332.homework5.ProjectStructureTest" time="0.028"/>
  <system-out><![CDATA[]]></system-out>
  <system-err><![CDATA[log4j:WARN No appenders could be found for logger (#com.intellij.application.impl.ApplicationImpl).
log4j:WARN Please initialize the log4j system properly.
log4j:WARN See http://logging.apache.org/log4j/1.2/faq.html#noconfig for more info.
]]></system-err>
</testsuite>
