<?xml version="1.0" encoding="UTF-8"?>
<testsuite name="edu.postech.csed332.homework5.BoardTest" tests="3" skipped="0" failures="0" errors="0" timestamp="2019-11-08T01:39:20" hostname="Yuxuans-MacBook-Pro.local" time="0.039">
  <properties/>
  <testcase name="testBoardConstruction()" classname="edu.postech.csed332.homework5.BoardTest" time="0.035"/>
  <testcase name="testCellDisabled()" classname="edu.postech.csed332.homework5.BoardTest" time="0.002"/>
  <testcase name="testCellConstruction()" classname="edu.postech.csed332.homework5.BoardTest" time="0.001"/>
  <system-out><![CDATA[ 0LINE 0COLUMNSqaure number: 0 1LINE 1COLUMNSqaure number: 0 2LINE 2COLUMNSqaure number: 0 3LINE 3COLUMNSqaure number: 1 4LINE 4COLUMNSqaure number: 1 5LINE 5COLUMNSqaure number: 1 6LINE 6COLUMNSqaure number: 2 7LINE 7COLUMNSqaure number: 2 8LINE 8COLUMNSqaure number: 2 0LINE 0COLUMNSqaure number: 0 1LINE 1COLUMNSqaure number: 0 2LINE 2COLUMNSqaure number: 0 3LINE 3COLUMNSqaure number: 1 4LINE 4COLUMNSqaure number: 1 5LINE 5COLUMNSqaure number: 1 6LINE 6COLUMNSqaure number: 2 7LINE 7COLUMNSqaure number: 2 8LINE 8COLUMNSqaure number: 2 0LINE 0COLUMNSqaure number: 0 1LINE 1COLUMNSqaure number: 0 2LINE 2COLUMNSqaure number: 0 3LINE 3COLUMNSqaure number: 1 4LINE 4COLUMNSqaure number: 1 5LINE 5COLUMNSqaure number: 1 6LINE 6COLUMNSqaure number: 2 7LINE 7COLUMNSqaure number: 2 8LINE 8COLUMNSqaure number: 2 0LINE 0COLUMNSqaure number: 3 1LINE 1COLUMNSqaure number: 3 2LINE 2COLUMNSqaure number: 3 3LINE 3COLUMNSqaure number: 4 4LINE 4COLUMNSqaure number: 4 5LINE 5COLUMNSqaure number: 4 6LINE 6COLUMNSqaure number: 5 7LINE 7COLUMNSqaure number: 5 8LINE 8COLUMNSqaure number: 5 0LINE 0COLUMNSqaure number: 3 1LINE 1COLUMNSqaure number: 3 2LINE 2COLUMNSqaure number: 3 3LINE 3COLUMNSqaure number: 4 4LINE 4COLUMNSqaure number: 4 5LINE 5COLUMNSqaure number: 4 6LINE 6COLUMNSqaure number: 5 7LINE 7COLUMNSqaure number: 5 8LINE 8COLUMNSqaure number: 5 0LINE 0COLUMNSqaure number: 3 1LINE 1COLUMNSqaure number: 3 2LINE 2COLUMNSqaure number: 3 3LINE 3COLUMNSqaure number: 4 4LINE 4COLUMNSqaure number: 4 5LINE 5COLUMNSqaure number: 4 6LINE 6COLUMNSqaure number: 5 7LINE 7COLUMNSqaure number: 5 8LINE 8COLUMNSqaure number: 5 0LINE 0COLUMNSqaure number: 6 1LINE 1COLUMNSqaure number: 6 2LINE 2COLUMNSqaure number: 6 3LINE 3COLUMNSqaure number: 7 4LINE 4COLUMNSqaure number: 7 5LINE 5COLUMNSqaure number: 7 6LINE 6COLUMNSqaure number: 8 7LINE 7COLUMNSqaure number: 8 8LINE 8COLUMNSqaure number: 8 0LINE 0COLUMNSqaure number: 6 1LINE 1COLUMNSqaure number: 6 2LINE 2COLUMNSqaure number: 6 3LINE 3COLUMNSqaure number: 7 4LINE 4COLUMNSqaure number: 7 5LINE 5COLUMNSqaure number: 7 6LINE 6COLUMNSqaure number: 8 7LINE 7COLUMNSqaure number: 8 8LINE 8COLUMNSqaure number: 8 0LINE 0COLUMNSqaure number: 6 1LINE 1COLUMNSqaure number: 6 2LINE 2COLUMNSqaure number: 6 3LINE 3COLUMNSqaure number: 7 4LINE 4COLUMNSqaure number: 7 5LINE 5COLUMNSqaure number: 7 6LINE 6COLUMNSqaure number: 8 7LINE 7COLUMNSqaure number: 8 8LINE 8COLUMNSqaure number: 8 0LINE 0COLUMNSqaure number: 0 1LINE 1COLUMNSqaure number: 0 2LINE 2COLUMNSqaure number: 0 3LINE 3COLUMNSqaure number: 1 4LINE 4COLUMNSqaure number: 1 5LINE 5COLUMNSqaure number: 1 6LINE 6COLUMNSqaure number: 2 7LINE 7COLUMNSqaure number: 2 8LINE 8COLUMNSqaure number: 2 0LINE 0COLUMNSqaure number: 0 1LINE 1COLUMNSqaure number: 0 2LINE 2COLUMNSqaure number: 0 3LINE 3COLUMNSqaure number: 1 4LINE 4COLUMNSqaure number: 1 5LINE 5COLUMNSqaure number: 1 6LINE 6COLUMNSqaure number: 2 7LINE 7COLUMNSqaure number: 2 8LINE 8COLUMNSqaure number: 2 0LINE 0COLUMNSqaure number: 0 1LINE 1COLUMNSqaure number: 0 2LINE 2COLUMNSqaure number: 0 3LINE 3COLUMNSqaure number: 1 4LINE 4COLUMNSqaure number: 1 5LINE 5COLUMNSqaure number: 1 6LINE 6COLUMNSqaure number: 2 7LINE 7COLUMNSqaure number: 2 8LINE 8COLUMNSqaure number: 2 0LINE 0COLUMNSqaure number: 3 1LINE 1COLUMNSqaure number: 3 2LINE 2COLUMNSqaure number: 3 3LINE 3COLUMNSqaure number: 4 4LINE 4COLUMNSqaure number: 4 5LINE 5COLUMNSqaure number: 4 6LINE 6COLUMNSqaure number: 5 7LINE 7COLUMNSqaure number: 5 8LINE 8COLUMNSqaure number: 5 0LINE 0COLUMNSqaure number: 3 1LINE 1COLUMNSqaure number: 3 2LINE 2COLUMNSqaure number: 3 3LINE 3COLUMNSqaure number: 4 4LINE 4COLUMNSqaure number: 4 5LINE 5COLUMNSqaure number: 4 6LINE 6COLUMNSqaure number: 5 7LINE 7COLUMNSqaure number: 5 8LINE 8COLUMNSqaure number: 5 0LINE 0COLUMNSqaure number: 3 1LINE 1COLUMNSqaure number: 3 2LINE 2COLUMNSqaure number: 3 3LINE 3COLUMNSqaure number: 4 4LINE 4COLUMNSqaure number: 4 5LINE 5COLUMNSqaure number: 4 6LINE 6COLUMNSqaure number: 5 7LINE 7COLUMNSqaure number: 5 8LINE 8COLUMNSqaure number: 5 0LINE 0COLUMNSqaure number: 6 1LINE 1COLUMNSqaure number: 6 2LINE 2COLUMNSqaure number: 6 3LINE 3COLUMNSqaure number: 7 4LINE 4COLUMNSqaure number: 7 5LINE 5COLUMNSqaure number: 7 6LINE 6COLUMNSqaure number: 8 7LINE 7COLUMNSqaure number: 8 8LINE 8COLUMNSqaure number: 8 0LINE 0COLUMNSqaure number: 6 1LINE 1COLUMNSqaure number: 6 2LINE 2COLUMNSqaure number: 6 3LINE 3COLUMNSqaure number: 7 4LINE 4COLUMNSqaure number: 7 5LINE 5COLUMNSqaure number: 7 6LINE 6COLUMNSqaure number: 8 7LINE 7COLUMNSqaure number: 8 8LINE 8COLUMNSqaure number: 8 0LINE 0COLUMNSqaure number: 6 1LINE 1COLUMNSqaure number: 6 2LINE 2COLUMNSqaure number: 6 3LINE 3COLUMNSqaure number: 7 4LINE 4COLUMNSqaure number: 7 5LINE 5COLUMNSqaure number: 7 6LINE 6COLUMNSqaure number: 8 7LINE 7COLUMNSqaure number: 8 8LINE 8COLUMNSqaure number: 8]]></system-out>
  <system-err><![CDATA[]]></system-err>
</testsuite>
